<?xml version="1.0" encoding="UTF-8"?>
<!-- Generated by org.testng.reporters.JUnitReportReporter -->
<testsuite hostname="KHALIQ" failures="0" tests="5" name="api.test.UserTest" time="8.027" errors="0" timestamp="2023-12-23T20:31:54 IST" skipped="0">
  <testcase classname="api.test.UserTest" name="testPostUser" time="2.522"/>
  <system-out/>
  <testcase classname="api.test.UserTest" name="testGetUserByName" time="1.102"/>
  <system-out/>
  <testcase classname="api.test.UserTest" name="testUpdateUserByName" time="2.257"/>
  <system-out/>
  <testcase classname="api.test.UserTest" name="testDeleteUserByName" time="1.097"/>
  <system-out/>
  <testcase classname="api.test.UserTest" name="testGetUserByNameAfterDeletion" time="1.049"/>
  <system-out/>
</testsuite> <!-- api.test.UserTest -->
