<?xml version="1.0" encoding="UTF-8"?>
<!-- Generated by org.testng.reporters.JUnitReportReporter -->
<testsuite hostname="KHALIQ" failures="0" tests="5" name="api.test.UserTest2" time="8.271" errors="0" timestamp="2023-12-01T23:30:08 IST" skipped="0">
  <testcase classname="api.test.UserTest2" name="testPostUser" time="2.634"/>
  <system-out/>
  <testcase classname="api.test.UserTest2" name="testGetUserByName" time="1.161"/>
  <system-out/>
  <testcase classname="api.test.UserTest2" name="testUpdateUserByName" time="2.283"/>
  <system-out/>
  <testcase classname="api.test.UserTest2" name="testDeleteUserByName" time="1.073"/>
  <system-out/>
  <testcase classname="api.test.UserTest2" name="testGetUserByNameAfterDeletion" time="1.120"/>
  <system-out/>
</testsuite> <!-- api.test.UserTest2 -->
