<?xml version="1.0" encoding="UTF-8"?>
<!-- Generated by org.testng.reporters.JUnitReportReporter -->
<testsuite hostname="KHALIQ" failures="0" tests="5" name="api.test.UserTest" time="8.548" errors="0" timestamp="2023-12-03T23:55:34 IST" skipped="0">
  <testcase classname="api.test.UserTest" name="testPostUser" time="2.640"/>
  <system-out/>
  <testcase classname="api.test.UserTest" name="testGetUserByName" time="1.247"/>
  <system-out/>
  <testcase classname="api.test.UserTest" name="testUpdateUserByName" time="2.241"/>
  <system-out/>
  <testcase classname="api.test.UserTest" name="testDeleteUserByName" time="1.155"/>
  <system-out/>
  <testcase classname="api.test.UserTest" name="testGetUserByNameAfterDeletion" time="1.265"/>
  <system-out/>
</testsuite> <!-- api.test.UserTest -->
