<?xml version="1.0" encoding="UTF-8"?>
<!-- Generated by org.testng.reporters.JUnitReportReporter -->
<testsuite hostname="KHALIQ" failures="0" tests="5" name="api.test.UserTest" time="6.588" errors="0" timestamp="2023-11-30T00:01:28 IST" skipped="0">
  <testcase classname="api.test.UserTest" name="testPostUser" time="1.144"/>
  <system-out/>
  <testcase classname="api.test.UserTest" name="testGetUserByName" time="1.064"/>
  <system-out/>
  <testcase classname="api.test.UserTest" name="testUpdateUserByName" time="2.188"/>
  <system-out/>
  <testcase classname="api.test.UserTest" name="testDeleteUserByName" time="1.073"/>
  <system-out/>
  <testcase classname="api.test.UserTest" name="testGetUserByNameAfterDeletion" time="1.119"/>
  <system-out/>
</testsuite> <!-- api.test.UserTest -->
