<?xml version="1.0" encoding="UTF-8"?>
<!-- Generated by org.testng.reporters.JUnitReportReporter -->
<testsuite hostname="KHALIQ" failures="0" tests="5" name="api.test.UserTest" time="6.504" errors="0" timestamp="2023-11-30T01:14:24 IST" skipped="0">
  <testcase classname="api.test.UserTest" name="testPostUser" time="1.135"/>
  <system-out/>
  <testcase classname="api.test.UserTest" name="testGetUserByName" time="1.045"/>
  <system-out/>
  <testcase classname="api.test.UserTest" name="testUpdateUserByName" time="2.148"/>
  <system-out/>
  <testcase classname="api.test.UserTest" name="testDeleteUserByName" time="1.113"/>
  <system-out/>
  <testcase classname="api.test.UserTest" name="testGetUserByNameAfterDeletion" time="1.063"/>
  <system-out/>
</testsuite> <!-- api.test.UserTest -->
