<?xml version="1.0" encoding="UTF-8"?>
<!-- Generated by org.testng.reporters.JUnitReportReporter -->
<testsuite hostname="KHALIQ" failures="0" tests="5" name="api.test.UserTest" time="6.754" errors="0" timestamp="2023-12-02T14:02:29 IST" skipped="0">
  <testcase classname="api.test.UserTest" name="testPostUser" time="1.140"/>
  <system-out/>
  <testcase classname="api.test.UserTest" name="testGetUserByName" time="1.290"/>
  <system-out/>
  <testcase classname="api.test.UserTest" name="testUpdateUserByName" time="2.220"/>
  <system-out/>
  <testcase classname="api.test.UserTest" name="testDeleteUserByName" time="1.033"/>
  <system-out/>
  <testcase classname="api.test.UserTest" name="testGetUserByNameAfterDeletion" time="1.071"/>
  <system-out/>
</testsuite> <!-- api.test.UserTest -->
