<?xml version="1.0" encoding="UTF-8"?>
<!-- Generated by org.testng.reporters.JUnitReportReporter -->
<testsuite hostname="KHALIQ" failures="0" tests="9" name="api.test.DataDrivenTest" time="11.561" errors="0" timestamp="2023-12-23T17:23:28 IST" skipped="0">
  <testcase classname="api.test.DataDrivenTest" name="testPostUser" time="1.145"/>
  <system-out/>
  <testcase classname="api.test.DataDrivenTest" name="testPostUser" time="2.727"/>
  <system-out/>
  <testcase classname="api.test.DataDrivenTest" name="testPostUser" time="1.141"/>
  <system-out/>
  <testcase classname="api.test.DataDrivenTest" name="testGetUserByName" time="1.127"/>
  <system-out/>
  <testcase classname="api.test.DataDrivenTest" name="testGetUserByName" time="1.106"/>
  <system-out/>
  <testcase classname="api.test.DataDrivenTest" name="testGetUserByName" time="1.100"/>
  <system-out/>
  <testcase classname="api.test.DataDrivenTest" name="testDeleteUserByName" time="1.058"/>
  <system-out/>
  <testcase classname="api.test.DataDrivenTest" name="testDeleteUserByName" time="1.045"/>
  <system-out/>
  <testcase classname="api.test.DataDrivenTest" name="testDeleteUserByName" time="1.112"/>
  <system-out/>
</testsuite> <!-- api.test.DataDrivenTest -->
