<?xml version="1.0" encoding="UTF-8"?>
<!-- Generated by org.testng.reporters.JUnitReportReporter -->
<testsuite hostname="KHALIQ" failures="0" tests="9" name="api.test.DataDrivenTest" time="12.680" errors="0" timestamp="2023-12-02T02:15:45 IST" skipped="0">
  <testcase classname="api.test.DataDrivenTest" name="testPostUser" time="1.228"/>
  <system-out/>
  <testcase classname="api.test.DataDrivenTest" name="testPostUser" time="2.755"/>
  <system-out/>
  <testcase classname="api.test.DataDrivenTest" name="testPostUser" time="1.875"/>
  <system-out/>
  <testcase classname="api.test.DataDrivenTest" name="testGetUserByName" time="1.054"/>
  <system-out/>
  <testcase classname="api.test.DataDrivenTest" name="testGetUserByName" time="1.242"/>
  <system-out/>
  <testcase classname="api.test.DataDrivenTest" name="testGetUserByName" time="1.109"/>
  <system-out/>
  <testcase classname="api.test.DataDrivenTest" name="testDeleteUserByName" time="1.136"/>
  <system-out/>
  <testcase classname="api.test.DataDrivenTest" name="testDeleteUserByName" time="1.100"/>
  <system-out/>
  <testcase classname="api.test.DataDrivenTest" name="testDeleteUserByName" time="1.181"/>
  <system-out/>
</testsuite> <!-- api.test.DataDrivenTest -->
