<?xml version="1.0" encoding="UTF-8"?>
<!-- Generated by org.testng.reporters.JUnitReportReporter -->
<testsuite hostname="KHALIQ" failures="0" tests="5" name="api.test.UserTest2" time="6.601" errors="0" timestamp="2023-12-02T14:02:29 IST" skipped="0">
  <testcase classname="api.test.UserTest2" name="testPostUser" time="1.105"/>
  <system-out/>
  <testcase classname="api.test.UserTest2" name="testGetUserByName" time="1.160"/>
  <system-out/>
  <testcase classname="api.test.UserTest2" name="testUpdateUserByName" time="2.137"/>
  <system-out/>
  <testcase classname="api.test.UserTest2" name="testDeleteUserByName" time="1.113"/>
  <system-out/>
  <testcase classname="api.test.UserTest2" name="testGetUserByNameAfterDeletion" time="1.086"/>
  <system-out/>
</testsuite> <!-- api.test.UserTest2 -->
