<?xml version="1.0" encoding="UTF-8"?>
<!-- Generated by org.testng.reporters.JUnitReportReporter -->
<testsuite hostname="KHALIQ" failures="0" tests="5" name="api.test.UserTest2" time="6.710" errors="0" timestamp="2023-12-02T02:15:45 IST" skipped="0">
  <testcase classname="api.test.UserTest2" name="testPostUser" time="1.125"/>
  <system-out/>
  <testcase classname="api.test.UserTest2" name="testGetUserByName" time="1.073"/>
  <system-out/>
  <testcase classname="api.test.UserTest2" name="testUpdateUserByName" time="2.271"/>
  <system-out/>
  <testcase classname="api.test.UserTest2" name="testDeleteUserByName" time="1.131"/>
  <system-out/>
  <testcase classname="api.test.UserTest2" name="testGetUserByNameAfterDeletion" time="1.110"/>
  <system-out/>
</testsuite> <!-- api.test.UserTest2 -->
