<?xml version="1.0" encoding="UTF-8"?>
<!-- Generated by org.testng.reporters.JUnitReportReporter -->
<testsuite hostname="KHALIQ" failures="0" tests="5" name="api.test.UserTest" time="6.656" errors="0" timestamp="2023-12-23T17:23:28 IST" skipped="0">
  <testcase classname="api.test.UserTest" name="testPostUser" time="1.129"/>
  <system-out/>
  <testcase classname="api.test.UserTest" name="testGetUserByName" time="1.065"/>
  <system-out/>
  <testcase classname="api.test.UserTest" name="testUpdateUserByName" time="2.252"/>
  <system-out/>
  <testcase classname="api.test.UserTest" name="testDeleteUserByName" time="1.095"/>
  <system-out/>
  <testcase classname="api.test.UserTest" name="testGetUserByNameAfterDeletion" time="1.115"/>
  <system-out/>
</testsuite> <!-- api.test.UserTest -->
