<?xml version="1.0" encoding="UTF-8"?>
<!-- Generated by org.testng.reporters.JUnitReportReporter -->
<testsuite hostname="KHALIQ" failures="0" tests="5" name="api.test.UserTest2" time="6.569" errors="0" timestamp="2023-12-23T17:23:28 IST" skipped="0">
  <testcase classname="api.test.UserTest2" name="testPostUser" time="1.118"/>
  <system-out/>
  <testcase classname="api.test.UserTest2" name="testGetUserByName" time="1.082"/>
  <system-out/>
  <testcase classname="api.test.UserTest2" name="testUpdateUserByName" time="2.176"/>
  <system-out/>
  <testcase classname="api.test.UserTest2" name="testDeleteUserByName" time="1.126"/>
  <system-out/>
  <testcase classname="api.test.UserTest2" name="testGetUserByNameAfterDeletion" time="1.067"/>
  <system-out/>
</testsuite> <!-- api.test.UserTest2 -->
