<?xml version="1.0" encoding="UTF-8"?>
<!-- Generated by org.testng.reporters.JUnitReportReporter -->
<testsuite hostname="KHALIQ" failures="0" tests="9" name="api.test.DataDrivenTest" time="11.551" errors="0" timestamp="2023-12-02T14:02:29 IST" skipped="0">
  <testcase classname="api.test.DataDrivenTest" name="testPostUser" time="1.120"/>
  <system-out/>
  <testcase classname="api.test.DataDrivenTest" name="testPostUser" time="2.681"/>
  <system-out/>
  <testcase classname="api.test.DataDrivenTest" name="testPostUser" time="1.093"/>
  <system-out/>
  <testcase classname="api.test.DataDrivenTest" name="testGetUserByName" time="1.133"/>
  <system-out/>
  <testcase classname="api.test.DataDrivenTest" name="testGetUserByName" time="1.078"/>
  <system-out/>
  <testcase classname="api.test.DataDrivenTest" name="testGetUserByName" time="1.149"/>
  <system-out/>
  <testcase classname="api.test.DataDrivenTest" name="testDeleteUserByName" time="1.140"/>
  <system-out/>
  <testcase classname="api.test.DataDrivenTest" name="testDeleteUserByName" time="1.110"/>
  <system-out/>
  <testcase classname="api.test.DataDrivenTest" name="testDeleteUserByName" time="1.047"/>
  <system-out/>
</testsuite> <!-- api.test.DataDrivenTest -->
