<?xml version="1.0" encoding="UTF-8"?>
<!-- Generated by org.testng.reporters.JUnitReportReporter -->
<testsuite hostname="KHALIQ" failures="0" tests="5" name="api.test.UserTest" time="6.832" errors="0" timestamp="2023-12-02T02:15:45 IST" skipped="0">
  <testcase classname="api.test.UserTest" name="testPostUser" time="1.185"/>
  <system-out/>
  <testcase classname="api.test.UserTest" name="testGetUserByName" time="1.109"/>
  <system-out/>
  <testcase classname="api.test.UserTest" name="testUpdateUserByName" time="2.268"/>
  <system-out/>
  <testcase classname="api.test.UserTest" name="testDeleteUserByName" time="1.132"/>
  <system-out/>
  <testcase classname="api.test.UserTest" name="testGetUserByNameAfterDeletion" time="1.138"/>
  <system-out/>
</testsuite> <!-- api.test.UserTest -->
